2026-01-28 02:57:48,107 [SentinelWorker] Worker Process Started (PID: 5232)
2026-01-28 02:58:48,224 [SentinelWorker] Idle timeout reached. Performing cleanup...
2026-01-28 02:58:48,254 [SentinelWorker] Cleanup complete. Resources released.
2026-01-28 02:59:48,338 [SentinelWorker] Idle timeout reached. Performing cleanup...
2026-01-28 02:59:48,364 [SentinelWorker] Cleanup complete. Resources released.
2026-01-28 03:00:48,440 [SentinelWorker] Idle timeout reached. Performing cleanup...
2026-01-28 03:00:48,468 [SentinelWorker] Cleanup complete. Resources released.
2026-01-28 03:01:48,593 [SentinelWorker] Idle timeout reached. Performing cleanup...
2026-01-28 03:01:48,619 [SentinelWorker] Cleanup complete. Resources released.
2026-01-28 03:02:48,710 [SentinelWorker] Idle timeout reached. Performing cleanup...
2026-01-28 03:02:48,735 [SentinelWorker] Cleanup complete. Resources released.
2026-01-28 03:03:48,813 [SentinelWorker] Idle timeout reached. Performing cleanup...
2026-01-28 03:03:48,844 [SentinelWorker] Cleanup complete. Resources released.
2026-01-28 03:04:48,946 [SentinelWorker] Idle timeout reached. Performing cleanup...
2026-01-28 03:04:48,974 [SentinelWorker] Cleanup complete. Resources released.
2026-01-28 03:05:49,077 [SentinelWorker] Idle timeout reached. Performing cleanup...
2026-01-28 03:05:49,106 [SentinelWorker] Cleanup complete. Resources released.
2026-01-28 03:06:49,187 [SentinelWorker] Idle timeout reached. Performing cleanup...
2026-01-28 03:06:49,220 [SentinelWorker] Cleanup complete. Resources released.
2026-01-28 03:07:49,345 [SentinelWorker] Idle timeout reached. Performing cleanup...
2026-01-28 03:07:49,372 [SentinelWorker] Cleanup complete. Resources released.
2026-01-28 03:08:49,474 [SentinelWorker] Idle timeout reached. Performing cleanup...
2026-01-28 03:08:49,501 [SentinelWorker] Cleanup complete. Resources released.
2026-01-28 03:09:49,585 [SentinelWorker] Idle timeout reached. Performing cleanup...
2026-01-28 03:09:49,612 [SentinelWorker] Cleanup complete. Resources released.
2026-01-28 03:10:49,705 [SentinelWorker] Idle timeout reached. Performing cleanup...
2026-01-28 03:10:49,732 [SentinelWorker] Cleanup complete. Resources released.
2026-01-28 03:11:49,828 [SentinelWorker] Idle timeout reached. Performing cleanup...
2026-01-28 03:11:49,853 [SentinelWorker] Cleanup complete. Resources released.
2026-01-28 03:12:49,923 [SentinelWorker] Idle timeout reached. Performing cleanup...
2026-01-28 03:12:49,958 [SentinelWorker] Cleanup complete. Resources released.
2026-01-28 03:13:50,050 [SentinelWorker] Idle timeout reached. Performing cleanup...
2026-01-28 03:13:50,079 [SentinelWorker] Cleanup complete. Resources released.
2026-01-28 03:14:07,572 [SentinelWorker] Worker Process Started (PID: 9284)
2026-01-28 03:14:55,271 [SentinelWorker] Processing: F:/Downloads\New Text Document.txt
2026-01-28 03:14:55,465 [WorkflowEngine] Moved New Text Document.txt to Documents
2026-01-28 03:15:55,551 [SentinelWorker] Idle timeout reached. Performing cleanup...
2026-01-28 03:15:55,584 [SentinelWorker] Cleanup complete. Resources released.
